<?xml version="1.0" encoding="UTF-8"?>
<!-- Generated by org.testng.reporters.JUnitXMLReporter -->
<testsuite hostname="cwksak01" ignored="0" name="Default test" tests="6" failures="0" timestamp="29 Aug 2017 17:23:37 GMT" time="14.915" errors="0">
  <testcase name="dragAndDrop" time="0.084" classname="runTestCases.TestDragAndDrop"/>
  <testcase name="dragAndDrop2" time="0.119" classname="runTestCases.TestDragAndDrop"/>
  <testcase name="dragAndDrop3" time="0.047" classname="runTestCases.TestDragAndDrop"/>
  <testcase name="dragAndDrop4" time="0.044" classname="runTestCases.TestDragAndDrop"/>
  <testcase name="dragAndDrop5" time="0.043" classname="runTestCases.TestDragAndDrop"/>
  <testcase name="testW3SchoolsDragAndDrop" time="5.22" classname="runTestCases.TestDragAndDrop"/>
</testsuite> <!-- Default test -->
