<?xml version="1.0" encoding="UTF-8"?>
<!-- Generated by org.testng.reporters.JUnitXMLReporter -->
<testsuite hostname="cwksak01" ignored="0" name="Test" tests="2" failures="1" timestamp="23 Aug 2017 17:42:17 GMT" time="21.121" errors="0">
  <testcase name="testDemoPage" time="16.686" classname="runTestCases.TestDemoPage"/>
  <testcase name="testAppLink" time="0.002" classname="runTestCases.TestDemoPage">
    <failure type="java.lang.NullPointerException">
      <![CDATA[java.lang.NullPointerException
	at testCases.AppPageTestCases.verifyPageTitle(AppPageTestCases.java:23)
	at runTestCases.TestDemoPage.testAppLink(TestDemoPage.java:42)
... Removed 25 stack frames]]>
    </failure>
  </testcase> <!-- testAppLink -->
</testsuite> <!-- Test -->
