<?xml version="1.0" encoding="UTF-8"?>
<testng-results skipped="0" failed="0" ignored="0" total="1" passed="1">
  <reporter-output>
  </reporter-output>
  <suite name="Default suite" duration-ms="5462" started-at="2017-08-25T12:15:53Z" finished-at="2017-08-25T12:15:58Z">
    <groups>
    </groups>
    <test name="Default test" duration-ms="5462" started-at="2017-08-25T12:15:53Z" finished-at="2017-08-25T12:15:58Z">
      <class name="runTestCases.TestDragAndDrop">
        <test-method status="PASS" signature="setUp()[pri:0, instance:runTestCases.TestDragAndDrop@72d818d1]" name="setUp" is-config="true" duration-ms="2843" started-at="2017-08-25T09:15:53Z" finished-at="2017-08-25T09:15:55Z">
          <reporter-output>
          </reporter-output>
        </test-method> <!-- setUp -->
        <test-method status="PASS" signature="dragAndDrop()[pri:1, instance:runTestCases.TestDragAndDrop@72d818d1]" name="dragAndDrop" duration-ms="2576" started-at="2017-08-25T09:15:55Z" finished-at="2017-08-25T09:15:58Z">
          <reporter-output>
          </reporter-output>
        </test-method> <!-- dragAndDrop -->
        <test-method status="PASS" signature="tearDown()[pri:0, instance:runTestCases.TestDragAndDrop@72d818d1]" name="tearDown" is-config="true" duration-ms="30" started-at="2017-08-25T09:15:58Z" finished-at="2017-08-25T09:15:58Z">
          <reporter-output>
          </reporter-output>
        </test-method> <!-- tearDown -->
      </class> <!-- runTestCases.TestDragAndDrop -->
    </test> <!-- Default test -->
  </suite> <!-- Default suite -->
</testng-results>
