<?xml version="1.0" encoding="UTF-8"?>
<!-- Generated by org.testng.reporters.JUnitXMLReporter -->
<testsuite hostname="cwksak01" ignored="0" name="DragAndDropTestW3Schools" tests="1" failures="1" timestamp="29 Aug 2017 17:30:32 GMT" time="0.002" errors="0">
  <testcase name="testDifferentDragAndDrop" time="0.001" classname="runTestCases.TestW3SchoolsDragAndDrop">
    <failure type="java.lang.NullPointerException">
      <![CDATA[java.lang.NullPointerException
	at testCases.W3SchoolsDragAndDrop.testMethod(W3SchoolsDragAndDrop.java:35)
	at runTestCases.TestW3SchoolsDragAndDrop.testDifferentDragAndDrop(TestW3SchoolsDragAndDrop.java:18)
... Removed 25 stack frames]]>
    </failure>
  </testcase> <!-- testDifferentDragAndDrop -->
</testsuite> <!-- DragAndDropTestW3Schools -->
