<?xml version="1.0" encoding="UTF-8"?>
<!-- Generated by org.testng.reporters.JUnitXMLReporter -->
<testsuite hostname="cwksak01" ignored="0" name="DragAndDropTest" tests="6" failures="0" timestamp="29 Aug 2017 17:30:32 GMT" time="10.178" errors="0">
  <testcase name="dragAndDrop" time="0.073" classname="runTestCases.TestDragAndDrop"/>
  <testcase name="dragAndDrop2" time="0.043" classname="runTestCases.TestDragAndDrop"/>
  <testcase name="dragAndDrop3" time="0.041" classname="runTestCases.TestDragAndDrop"/>
  <testcase name="dragAndDrop4" time="0.039" classname="runTestCases.TestDragAndDrop"/>
  <testcase name="dragAndDrop5" time="0.036" classname="runTestCases.TestDragAndDrop"/>
  <testcase name="testW3SchoolsDragAndDrop" time="5.214" classname="runTestCases.TestDragAndDrop"/>
</testsuite> <!-- DragAndDropTest -->
