<?xml version="1.0" encoding="UTF-8"?>
<!-- Generated by org.testng.reporters.JUnitXMLReporter -->
<testsuite hostname="cwksak01" ignored="0" name="ExcelSuite" tests="5" failures="0" timestamp="06 Sep 2017 12:57:19 GMT" time="23.291" errors="0">
  <testcase name="runExcelTest" time="2.319" classname="runTestCases.RunExcelTestCase"/>
  <testcase name="runExcelTest" time="1.633" classname="runTestCases.RunExcelTestCase"/>
  <testcase name="runExcelTest" time="1.752" classname="runTestCases.RunExcelTestCase"/>
  <testcase name="leaveAComment" time="6.531" classname="runTestCases.RunExcelTestCase"/>
  <testcase name="leaveAComment" time="4.09" classname="runTestCases.RunExcelTestCase"/>
</testsuite> <!-- ExcelSuite -->
