<?xml version="1.0" encoding="UTF-8"?>
<!-- Generated by org.testng.reporters.JUnitXMLReporter -->
<testsuite hostname="cwksak01" ignored="0" name="FillOutFormSuite" tests="2" failures="1" timestamp="06 Sep 2017 12:56:56 GMT" time="7.98" errors="0">
  <testcase name="fillOutForm" time="1.033" classname="runTestCases.RunThirdSuite"/>
  <testcase name="fillOutForm" time="0.083" classname="runTestCases.RunThirdSuite">
    <failure type="org.openqa.selenium.StaleElementReferenceException" message="The element reference of &amp;lt;input id=&amp;quot;family-name&amp;quot;&amp;gt; stale: either the element is no longer attached to the DOM or the page has been refreshed
For documentation on this error, please visit: http://seleniumhq.org/exceptions/stale_element_reference.html
Build info: version: &amp;apos;unknown&amp;apos;, revision: &amp;apos;unknown&amp;apos;, time: &amp;apos;unknown&amp;apos;
System info: host: &amp;apos;CWKSAK01&amp;apos;, ip: &amp;apos;10.185.4.150&amp;apos;, os.name: &amp;apos;Windows 7&amp;apos;, os.arch: &amp;apos;amd64&amp;apos;, os.version: &amp;apos;6.1&amp;apos;, java.version: &amp;apos;1.8.0_91&amp;apos;
Driver info: org.openqa.selenium.firefox.FirefoxDriver
Capabilities [{moz:profile=C:\Users\AARON~1.KLA\AppData\Local\Temp\rust_mozprofile.xG1Dh8a5SXYz, rotatable=false, timeouts={implicit=0.0, pageLoad=300000.0, script=30000.0}, pageLoadStrategy=normal, platform=ANY, specificationLevel=0.0, moz:accessibilityChecks=false, acceptInsecureCerts=false, browserVersion=55.0.3, platformVersion=6.1, moz:processID=10116.0, browserName=firefox, javascriptEnabled=true, platformName=windows_nt}]
Session ID: b2e8de9d-d96d-43a3-9c26-3dda1f13ebf9">
      <![CDATA[org.openqa.selenium.StaleElementReferenceException: The element reference of <input id="family-name"> stale: either the element is no longer attached to the DOM or the page has been refreshed
For documentation on this error, please visit: http://seleniumhq.org/exceptions/stale_element_reference.html
Build info: version: 'unknown', revision: 'unknown', time: 'unknown'
System info: host: 'CWKSAK01', ip: '10.185.4.150', os.name: 'Windows 7', os.arch: 'amd64', os.version: '6.1', java.version: '1.8.0_91'
Driver info: org.openqa.selenium.firefox.FirefoxDriver
Capabilities [{moz:profile=C:\Users\AARON~1.KLA\AppData\Local\Temp\rust_mozprofile.xG1Dh8a5SXYz, rotatable=false, timeouts={implicit=0.0, pageLoad=300000.0, script=30000.0}, pageLoadStrategy=normal, platform=ANY, specificationLevel=0.0, moz:accessibilityChecks=false, acceptInsecureCerts=false, browserVersion=55.0.3, platformVersion=6.1, moz:processID=10116.0, browserName=firefox, javascriptEnabled=true, platformName=windows_nt}]
Session ID: b2e8de9d-d96d-43a3-9c26-3dda1f13ebf9
	at org.openqa.selenium.remote.http.W3CHttpResponseCodec.createException(W3CHttpResponseCodec.java:150)
	at org.openqa.selenium.remote.http.W3CHttpResponseCodec.decode(W3CHttpResponseCodec.java:115)
	at org.openqa.selenium.remote.http.W3CHttpResponseCodec.decode(W3CHttpResponseCodec.java:45)
	at org.openqa.selenium.remote.HttpCommandExecutor.execute(HttpCommandExecutor.java:164)
	at org.openqa.selenium.remote.service.DriverCommandExecutor.execute(DriverCommandExecutor.java:82)
	at org.openqa.selenium.remote.RemoteWebDriver.execute(RemoteWebDriver.java:637)
	at org.openqa.selenium.remote.RemoteWebElement.execute(RemoteWebElement.java:272)
	at org.openqa.selenium.remote.RemoteWebElement.sendKeys(RemoteWebElement.java:96)
	at testCases.HTML5Form.fillOutAndSubmitForm(HTML5Form.java:29)
	at runTestCases.RunThirdSuite.fillOutForm(RunThirdSuite.java:39)
... Removed 29 stack frames]]>
    </failure>
  </testcase> <!-- fillOutForm -->
</testsuite> <!-- FillOutFormSuite -->
