<?xml version="1.0" encoding="UTF-8"?>
<!-- Generated by org.testng.reporters.JUnitXMLReporter -->
<testsuite hostname="cwksak01" ignored="0" name="ReactSuite" tests="1" failures="1" timestamp="02 Oct 2017 17:39:08 GMT" time="14.496" errors="0">
  <testcase name="fillOutReactForm" time="10.882" classname="runTestCases.RunReactTest">
    <failure type="java.lang.NullPointerException">
      <![CDATA[java.lang.NullPointerException
	at testCases.TestingReactPage.fillOutReactFormDynamicFieldsSelect(TestingReactPage.java:140)
	at runTestCases.RunReactTest.fillOutReactForm(RunReactTest.java:35)
... Removed 25 stack frames]]>
    </failure>
  </testcase> <!-- fillOutReactForm -->
</testsuite> <!-- ReactSuite -->
