<?xml version="1.0" encoding="UTF-8" ?>
<testsuite tests="15" failures="0" name="TestSuite" time="41.577" errors="0" skipped="0">
  <properties>
[...]
</properties>
  <testcase classname="runTestCases.TestDemoPage" name="testDemoPage" time="17.69"/>
  <testcase classname="runTestCases.TestDemoPage" name="testAppLink" time="3.147"/>
  <testcase classname="runTestCases.TestDragAndDrop" name="dragAndDrop" time="0.068"/>
  <testcase classname="runTestCases.TestDragAndDrop" name="dragAndDrop2" time="0.038"/>
  <testcase classname="runTestCases.TestDragAndDrop" name="dragAndDrop3" time="0.034"/>
  <testcase classname="runTestCases.TestDragAndDrop" name="dragAndDrop4" time="0.037"/>
  <testcase classname="runTestCases.TestDragAndDrop" name="dragAndDrop5" time="0.035"/>
  <testcase classname="runTestCases.TestDragAndDrop" name="testW3SchoolsDragAndDrop" time="4.051"/>
  <testcase classname="runTestCases.RunThirdSuite" name="fillOutForm" time="1.297"/>
  <testcase classname="runTestCases.RunThirdSuite" name="fillOutForm" time="1.066"/>
  <testcase classname="runTestCases.RunExcelTestCase" name="runExcelTest" time="2.205"/>
  <testcase classname="runTestCases.RunExcelTestCase" name="runExcelTest" time="1.549"/>
  <testcase classname="runTestCases.RunExcelTestCase" name="runExcelTest" time="2.206"/>
  <testcase classname="runTestCases.RunExcelTestCase" name="leaveAComment" time="4.615"/>
  <testcase classname="runTestCases.RunExcelTestCase" name="leaveAComment" time="3.539"/>
</testsuite>