<?xml version="1.0" encoding="UTF-8" ?>
<testsuite tests="15" failures="0" name="TestSuite" time="45.871" errors="0" skipped="0">
  <properties>
[...]
</properties>
  <testcase classname="runTestCases.TestDemoPage" name="testDemoPage" time="19.65"/>
  <testcase classname="runTestCases.TestDemoPage" name="testAppLink" time="3.281"/>
  <testcase classname="runTestCases.TestDragAndDrop" name="dragAndDrop" time="0.068"/>
  <testcase classname="runTestCases.TestDragAndDrop" name="dragAndDrop2" time="0.038"/>
  <testcase classname="runTestCases.TestDragAndDrop" name="dragAndDrop3" time="0.035"/>
  <testcase classname="runTestCases.TestDragAndDrop" name="dragAndDrop4" time="0.036"/>
  <testcase classname="runTestCases.TestDragAndDrop" name="dragAndDrop5" time="0.036"/>
  <testcase classname="runTestCases.TestDragAndDrop" name="testW3SchoolsDragAndDrop" time="3.4"/>
  <testcase classname="runTestCases.RunThirdSuite" name="fillOutForm" time="1.279"/>
  <testcase classname="runTestCases.RunThirdSuite" name="fillOutForm" time="1.053"/>
  <testcase classname="runTestCases.RunExcelTestCase" name="runExcelTest" time="1.754"/>
  <testcase classname="runTestCases.RunExcelTestCase" name="runExcelTest" time="3.318"/>
  <testcase classname="runTestCases.RunExcelTestCase" name="runExcelTest" time="3.633"/>
  <testcase classname="runTestCases.RunExcelTestCase" name="leaveAComment" time="4.854"/>
  <testcase classname="runTestCases.RunExcelTestCase" name="leaveAComment" time="3.436"/>
</testsuite>