<?xml version="1.0" encoding="UTF-8"?>
<testng-results skipped="0" failed="0" ignored="0" total="15" passed="15">
  <reporter-output>
  </reporter-output>
  <suite name="Suite" duration-ms="62988" started-at="2017-09-15T12:00:17Z" finished-at="2017-09-15T12:01:20Z">
    <groups>
    </groups>
    <test name="Test" duration-ms="25835" started-at="2017-09-15T12:00:17Z" finished-at="2017-09-15T12:00:43Z">
      <class name="runTestCases.TestDemoPage">
        <test-method status="PASS" signature="BeforeTest()[pri:0, instance:runTestCases.TestDemoPage@67b872]" name="BeforeTest" is-config="true" duration-ms="4400" started-at="2017-09-15T09:00:17Z" finished-at="2017-09-15T09:00:22Z">
          <reporter-output>
          </reporter-output>
        </test-method> <!-- BeforeTest -->
        <test-method status="PASS" signature="testDemoPage()[pri:0, instance:runTestCases.TestDemoPage@67b872]" name="testDemoPage" duration-ms="18109" started-at="2017-09-15T09:00:22Z" finished-at="2017-09-15T09:00:40Z">
          <reporter-output>
          </reporter-output>
        </test-method> <!-- testDemoPage -->
        <test-method status="PASS" signature="testAppLink()[pri:1, instance:runTestCases.TestDemoPage@67b872]" name="testAppLink" duration-ms="2213" started-at="2017-09-15T09:00:40Z" finished-at="2017-09-15T09:00:42Z">
          <reporter-output>
          </reporter-output>
        </test-method> <!-- testAppLink -->
        <test-method status="PASS" signature="AfterTest()[pri:0, instance:runTestCases.TestDemoPage@67b872]" name="AfterTest" is-config="true" duration-ms="1095" started-at="2017-09-15T09:00:42Z" finished-at="2017-09-15T09:00:43Z">
          <reporter-output>
          </reporter-output>
        </test-method> <!-- AfterTest -->
      </class> <!-- runTestCases.TestDemoPage -->
    </test> <!-- Test -->
    <test name="DragAndDropTest" duration-ms="8880" started-at="2017-09-15T12:00:43Z" finished-at="2017-09-15T12:00:52Z">
      <class name="runTestCases.TestDragAndDrop">
        <test-method status="PASS" signature="setUp()[pri:0, instance:runTestCases.TestDragAndDrop@a097cc]" name="setUp" is-config="true" duration-ms="2941" started-at="2017-09-15T09:00:43Z" finished-at="2017-09-15T09:00:46Z">
          <reporter-output>
          </reporter-output>
        </test-method> <!-- setUp -->
        <test-method status="PASS" signature="dragAndDrop()[pri:0, instance:runTestCases.TestDragAndDrop@a097cc]" name="dragAndDrop" duration-ms="102" started-at="2017-09-15T09:00:46Z" finished-at="2017-09-15T09:00:46Z">
          <reporter-output>
          </reporter-output>
        </test-method> <!-- dragAndDrop -->
        <test-method status="PASS" signature="dragAndDrop2()[pri:1, instance:runTestCases.TestDragAndDrop@a097cc]" name="dragAndDrop2" duration-ms="38" started-at="2017-09-15T09:00:46Z" finished-at="2017-09-15T09:00:46Z">
          <reporter-output>
          </reporter-output>
        </test-method> <!-- dragAndDrop2 -->
        <test-method status="PASS" signature="dragAndDrop3()[pri:2, instance:runTestCases.TestDragAndDrop@a097cc]" name="dragAndDrop3" duration-ms="37" started-at="2017-09-15T09:00:46Z" finished-at="2017-09-15T09:00:46Z">
          <reporter-output>
          </reporter-output>
        </test-method> <!-- dragAndDrop3 -->
        <test-method status="PASS" signature="dragAndDrop4()[pri:3, instance:runTestCases.TestDragAndDrop@a097cc]" name="dragAndDrop4" duration-ms="36" started-at="2017-09-15T09:00:46Z" finished-at="2017-09-15T09:00:46Z">
          <reporter-output>
          </reporter-output>
        </test-method> <!-- dragAndDrop4 -->
        <test-method status="PASS" signature="dragAndDrop5()[pri:4, instance:runTestCases.TestDragAndDrop@a097cc]" name="dragAndDrop5" duration-ms="34" started-at="2017-09-15T09:00:46Z" finished-at="2017-09-15T09:00:46Z">
          <reporter-output>
          </reporter-output>
        </test-method> <!-- dragAndDrop5 -->
        <test-method status="PASS" signature="testW3SchoolsDragAndDrop()[pri:5, instance:runTestCases.TestDragAndDrop@a097cc]" name="testW3SchoolsDragAndDrop" duration-ms="3384" started-at="2017-09-15T09:00:46Z" finished-at="2017-09-15T09:00:50Z">
          <reporter-output>
          </reporter-output>
        </test-method> <!-- testW3SchoolsDragAndDrop -->
        <test-method status="PASS" signature="tearDown()[pri:0, instance:runTestCases.TestDragAndDrop@a097cc]" name="tearDown" is-config="true" duration-ms="2307" started-at="2017-09-15T09:00:50Z" finished-at="2017-09-15T09:00:52Z">
          <reporter-output>
          </reporter-output>
        </test-method> <!-- tearDown -->
      </class> <!-- runTestCases.TestDragAndDrop -->
    </test> <!-- DragAndDropTest -->
    <test name="FillOutFormSuite" duration-ms="6082" started-at="2017-09-15T12:00:52Z" finished-at="2017-09-15T12:00:58Z">
      <class name="runTestCases.RunThirdSuite">
        <test-method status="PASS" signature="setUp()[pri:0, instance:runTestCases.RunThirdSuite@1f70c54]" name="setUp" is-config="true" duration-ms="1952" started-at="2017-09-15T09:00:52Z" finished-at="2017-09-15T09:00:54Z">
          <reporter-output>
          </reporter-output>
        </test-method> <!-- setUp -->
        <test-method status="PASS" signature="fillOutForm(java.lang.String, java.lang.String, java.lang.String, java.lang.String, java.lang.String, java.lang.String, java.lang.String, java.lang.String, java.lang.String, java.lang.String, java.lang.String, java.lang.String, java.lang.String, java.lang.String)[pri:0, instance:runTestCases.RunThirdSuite@1f70c54]" name="fillOutForm" duration-ms="1270" started-at="2017-09-15T09:00:55Z" data-provider="HTML5FormData" finished-at="2017-09-15T09:00:56Z">
          <params>
            <param index="0">
              <value>
                <![CDATA[Aaron]]>
              </value>
            </param>
            <param index="1">
              <value>
                <![CDATA[Klassen]]>
              </value>
            </param>
            <param index="2">
              <value>
                <![CDATA[1941992.0]]>
              </value>
            </param>
            <param index="3">
              <value>
                <![CDATA[testemail@noemail.com]]>
              </value>
            </param>
            <param index="4">
              <value>
                <![CDATA[http://www.screenscape.com]]>
              </value>
            </param>
            <param index="5">
              <value>
                <![CDATA[555-1234]]>
              </value>
            </param>
            <param index="6">
              <value>
                <![CDATA[10.0]]>
              </value>
            </param>
            <param index="7">
              <value>
                <![CDATA[614 North River Rd, Charlottetown, PEI]]>
              </value>
            </param>
            <param index="8">
              <value>
                <![CDATA[C0A 1H5]]>
              </value>
            </param>
            <param index="9">
              <value>
                <![CDATA[Canada]]>
              </value>
            </param>
            <param index="10">
              <value>
                <![CDATA[visa]]>
              </value>
            </param>
            <param index="11">
              <value>
                <![CDATA[Aaron Klassen]]>
              </value>
            </param>
            <param index="12">
              <value>
                <![CDATA[0000 1234 5678 9000 0000]]>
              </value>
            </param>
            <param index="13">
              <value>
                <![CDATA[125.0]]>
              </value>
            </param>
          </params>
          <reporter-output>
          </reporter-output>
        </test-method> <!-- fillOutForm -->
        <test-method status="PASS" signature="fillOutForm(java.lang.String, java.lang.String, java.lang.String, java.lang.String, java.lang.String, java.lang.String, java.lang.String, java.lang.String, java.lang.String, java.lang.String, java.lang.String, java.lang.String, java.lang.String, java.lang.String)[pri:0, instance:runTestCases.RunThirdSuite@1f70c54]" name="fillOutForm" duration-ms="1045" started-at="2017-09-15T09:00:56Z" data-provider="HTML5FormData" finished-at="2017-09-15T09:00:57Z">
          <params>
            <param index="0">
              <value>
                <![CDATA[Another]]>
              </value>
            </param>
            <param index="1">
              <value>
                <![CDATA[Name]]>
              </value>
            </param>
            <param index="2">
              <value>
                <![CDATA[1062009.0]]>
              </value>
            </param>
            <param index="3">
              <value>
                <![CDATA[anotheremail@noemail.com]]>
              </value>
            </param>
            <param index="4">
              <value>
                <![CDATA[http://www.google.ca]]>
              </value>
            </param>
            <param index="5">
              <value>
                <![CDATA[555-4679]]>
              </value>
            </param>
            <param index="6">
              <value>
                <![CDATA[8.0]]>
              </value>
            </param>
            <param index="7">
              <value>
                <![CDATA[35 warren grove rd., Charlottetown, PEI]]>
              </value>
            </param>
            <param index="8">
              <value>
                <![CDATA[C0A 1H5]]>
              </value>
            </param>
            <param index="9">
              <value>
                <![CDATA[Canada]]>
              </value>
            </param>
            <param index="10">
              <value>
                <![CDATA[visa]]>
              </value>
            </param>
            <param index="11">
              <value>
                <![CDATA[Another Name]]>
              </value>
            </param>
            <param index="12">
              <value>
                <![CDATA[0000 9876 5432 1000 0000]]>
              </value>
            </param>
            <param index="13">
              <value>
                <![CDATA[824.0]]>
              </value>
            </param>
          </params>
          <reporter-output>
          </reporter-output>
        </test-method> <!-- fillOutForm -->
        <test-method status="PASS" signature="tearDown()[pri:0, instance:runTestCases.RunThirdSuite@1f70c54]" name="tearDown" is-config="true" duration-ms="1085" started-at="2017-09-15T09:00:57Z" finished-at="2017-09-15T09:00:58Z">
          <reporter-output>
          </reporter-output>
        </test-method> <!-- tearDown -->
      </class> <!-- runTestCases.RunThirdSuite -->
    </test> <!-- FillOutFormSuite -->
    <test name="ExcelSuite" duration-ms="22088" started-at="2017-09-15T12:00:58Z" finished-at="2017-09-15T12:01:20Z">
      <class name="runTestCases.RunExcelTestCase">
        <test-method status="PASS" signature="setUp()[pri:0, instance:runTestCases.RunExcelTestCase@843fce]" name="setUp" is-config="true" duration-ms="6052" started-at="2017-09-15T09:00:58Z" finished-at="2017-09-15T09:01:04Z">
          <reporter-output>
          </reporter-output>
        </test-method> <!-- setUp -->
        <test-method status="PASS" signature="runExcelTest(java.lang.String, java.lang.String)[pri:0, instance:runTestCases.RunExcelTestCase@843fce]" name="runExcelTest" duration-ms="3393" started-at="2017-09-15T09:01:04Z" data-provider="Authentication" finished-at="2017-09-15T09:01:08Z">
          <params>
            <param index="0">
              <value>
                <![CDATA[testuser_1]]>
              </value>
            </param>
            <param index="1">
              <value>
                <![CDATA[Test@123]]>
              </value>
            </param>
          </params>
          <reporter-output>
          </reporter-output>
        </test-method> <!-- runExcelTest -->
        <test-method status="PASS" signature="runExcelTest(java.lang.String, java.lang.String)[pri:0, instance:runTestCases.RunExcelTestCase@843fce]" name="runExcelTest" duration-ms="2331" started-at="2017-09-15T09:01:08Z" data-provider="Authentication" finished-at="2017-09-15T09:01:10Z">
          <params>
            <param index="0">
              <value>
                <![CDATA[testuser_2]]>
              </value>
            </param>
            <param index="1">
              <value>
                <![CDATA[Test@123]]>
              </value>
            </param>
          </params>
          <reporter-output>
          </reporter-output>
        </test-method> <!-- runExcelTest -->
        <test-method status="PASS" signature="runExcelTest(java.lang.String, java.lang.String)[pri:0, instance:runTestCases.RunExcelTestCase@843fce]" name="runExcelTest" duration-ms="2065" started-at="2017-09-15T09:01:10Z" data-provider="Authentication" finished-at="2017-09-15T09:01:12Z">
          <params>
            <param index="0">
              <value>
                <![CDATA[testuser_3]]>
              </value>
            </param>
            <param index="1">
              <value>
                <![CDATA[Test@123]]>
              </value>
            </param>
          </params>
          <reporter-output>
          </reporter-output>
        </test-method> <!-- runExcelTest -->
        <test-method status="PASS" signature="leaveAComment(java.lang.String, java.lang.String, java.lang.String, java.lang.String)[pri:1, instance:runTestCases.RunExcelTestCase@843fce]" name="leaveAComment" duration-ms="3672" started-at="2017-09-15T09:01:12Z" data-provider="AuthenticationLeaveAComment" finished-at="2017-09-15T09:01:16Z">
          <params>
            <param index="0">
              <value>
                <![CDATA[Bark yes for no, you nasty man]]>
              </value>
            </param>
            <param index="1">
              <value>
                <![CDATA[Aaron Klassen]]>
              </value>
            </param>
            <param index="2">
              <value>
                <![CDATA[no@email.com]]>
              </value>
            </param>
            <param index="3">
              <value>
                <![CDATA[http://www.google.ca]]>
              </value>
            </param>
          </params>
          <reporter-output>
          </reporter-output>
        </test-method> <!-- leaveAComment -->
        <test-method status="PASS" signature="leaveAComment(java.lang.String, java.lang.String, java.lang.String, java.lang.String)[pri:1, instance:runTestCases.RunExcelTestCase@843fce]" name="leaveAComment" duration-ms="3435" started-at="2017-09-15T09:01:16Z" data-provider="AuthenticationLeaveAComment" finished-at="2017-09-15T09:01:19Z">
          <params>
            <param index="0">
              <value>
                <![CDATA[Second comment, automated response]]>
              </value>
            </param>
            <param index="1">
              <value>
                <![CDATA[nobody]]>
              </value>
            </param>
            <param index="2">
              <value>
                <![CDATA[no@email.com]]>
              </value>
            </param>
            <param index="3">
              <value>
                <![CDATA[http://www.facebook.com]]>
              </value>
            </param>
          </params>
          <reporter-output>
          </reporter-output>
        </test-method> <!-- leaveAComment -->
        <test-method status="PASS" signature="TearDown()[pri:0, instance:runTestCases.RunExcelTestCase@843fce]" name="TearDown" is-config="true" duration-ms="1069" started-at="2017-09-15T09:01:19Z" finished-at="2017-09-15T09:01:20Z">
          <reporter-output>
          </reporter-output>
        </test-method> <!-- TearDown -->
      </class> <!-- runTestCases.RunExcelTestCase -->
    </test> <!-- ExcelSuite -->
  </suite> <!-- Suite -->
</testng-results>
