<?xml version="1.0" encoding="UTF-8"?>
<!-- Generated by org.testng.reporters.JUnitXMLReporter -->
<testsuite hostname="cwksak01" ignored="0" name="DragAndDropTest" tests="6" failures="0" timestamp="06 Sep 2017 16:14:14 GMT" time="47.206" errors="0">
  <testcase name="@BeforeTest setUp" time="47.201" classname="runTestCases.TestDragAndDrop">
    <failure type="org.openqa.selenium.WebDriverException" message="Failed to connect to binary FirefoxBinary(C:\Program Files (x86)\Mozilla Firefox\firefox.exe) on port 7055; process output follows: 
m C:\Program Files (x86)\Mozilla Firefox\browser\features\screenshots@mozilla.org.xpi
1504714409250	addons.xpi	DEBUG	Calling bootstrap method startup on screenshots@mozilla.org version 6.6.0
1504714409250	addons.xpi	DEBUG	Registering manifest for C:\Program Files (x86)\Mozilla Firefox\browser\features\webcompat@mozilla.org.xpi
1504714409250	addons.xpi	DEBUG	Loading bootstrap scope from C:\Program Files (x86)\Mozilla Firefox\browser\features\webcompat@mozilla.org.xpi
1504714409252	addons.xpi	DEBUG	Calling bootstrap method startup on webcompat@mozilla.org version 1.1
1504714409260	addons.manager	DEBUG	Registering shutdown blocker for XPIProvider
1504714409260	addons.manager	DEBUG	Provider finished startup: XPIProvider
1504714409260	addons.manager	DEBUG	Starting provider: LightweightThemeManager
1504714409260	addons.manager	DEBUG	Registering shutdown blocker for LightweightThemeManager
1504714409260	addons.manager	DEBUG	Provider finished startup: LightweightThemeManager
1504714409260	addons.manager	DEBUG	Starting provider: GMPProvider
1504714409271	addons.manager	DEBUG	Registering shutdown blocker for GMPProvider
1504714409271	addons.manager	DEBUG	Provider finished startup: GMPProvider
1504714409271	addons.manager	DEBUG	Starting provider: PluginProvider
1504714409271	addons.manager	DEBUG	Registering shutdown blocker for PluginProvider
1504714409271	addons.manager	DEBUG	Provider finished startup: PluginProvider
1504714409272	addons.manager	DEBUG	Completed startup sequence
1504714409606	addons.xpi-utils	DEBUG	Async JSON file read took 0 MS
1504714409606	addons.xpi-utils	DEBUG	Finished async read of XPI database, parsing...
1504714409608	addons.xpi-utils	DEBUG	Successfully read XPI database
1504714409619	addons.manager	DEBUG	Starting provider: &amp;lt;unnamed-provider&amp;gt;
1504714409619	addons.manager	DEBUG	Registering shutdown blocker for &amp;lt;unnamed-provider&amp;gt;
1504714409619	addons.manager	DEBUG	Provider finished startup: &amp;lt;unnamed-provider&amp;gt;
*** Blocklist::_loadBlocklistFromFile: blocklist is disabled
1504714409746	addons.manager	DEBUG	Starting provider: PreviousExperimentProvider
1504714409746	addons.manager	DEBUG	Registering shutdown blocker for PreviousExperimentProvider
1504714409746	addons.manager	DEBUG	Provider finished startup: PreviousExperimentProvider
1504714412747	addons.xpi	DEBUG	Calling bootstrap method shutdown on webcompat@mozilla.org version 1.1
1504714412747	addons.xpi	DEBUG	Calling bootstrap method shutdown on screenshots@mozilla.org version 6.6.0
1504714412748	addons.xpi	DEBUG	Calling bootstrap method shutdown on firefox@getpocket.com version 1.0.5
1504714412748	addons.xpi	DEBUG	Calling bootstrap method shutdown on e10srollout@mozilla.org version 1.50
1504714412748	addons.xpi	DEBUG	Calling bootstrap method shutdown on aushelper@mozilla.org version 2.0
[GPU 12608] WARNING: pipe error: 109: file c:/builds/moz2_slave/m-rel-w32-00000000000000000000/build/src/ipc/chromium/src/chrome/common/ipc_channel_win.cc, line 346
[Child 10720] WARNING: pipe error: 109: file c:/builds/moz2_slave/m-rel-w32-00000000000000000000/build/src/ipc/chromium/src/chrome/common/ipc_channel_win.cc, line 346
[Child 10720] WARNING: pipe error: 109: file c:/builds/moz2_slave/m-rel-w32-00000000000000000000/build/src/ipc/chromium/src/chrome/common/ipc_channel_win.cc, line 346
1504714412875	addons.manager	DEBUG	shutdown
1504714412876	addons.manager	DEBUG	Calling shutdown blocker for XPIProvider
1504714412876	addons.xpi	DEBUG	shutdown
1504714412876	addons.xpi-utils	DEBUG	shutdown
1504714412876	addons.manager	DEBUG	Calling shutdown blocker for LightweightThemeManager
1504714412877	addons.manager	DEBUG	Calling shutdown blocker for GMPProvider
1504714412878	addons.manager	DEBUG	Calling shutdown blocker for PluginProvider
1504714412879	addons.manager	DEBUG	Calling shutdown blocker for &amp;lt;unnamed-provider&amp;gt;
1504714412880	addons.manager	DEBUG	Calling shutdown blocker for PreviousExperimentProvider
1504714412881	addons.xpi	DEBUG	Notifying XPI shutdown observers
1504714412884	addons.manager	DEBUG	Async provider shutdown done

Build info: version: &amp;apos;2.45.0&amp;apos;, revision: &amp;apos;5017cb8e7ca8e37638dc3091b2440b90a1d8686f&amp;apos;, time: &amp;apos;2015-02-27 09:10:26&amp;apos;
System info: host: &amp;apos;cwksak01&amp;apos;, ip: &amp;apos;10.185.4.150&amp;apos;, os.name: &amp;apos;Windows 7&amp;apos;, os.arch: &amp;apos;x86&amp;apos;, os.version: &amp;apos;6.1&amp;apos;, java.version: &amp;apos;1.8.0_101&amp;apos;
Driver info: driver.version: FirefoxDriver">
      <![CDATA[org.openqa.selenium.WebDriverException: Failed to connect to binary FirefoxBinary(C:\Program Files (x86)\Mozilla Firefox\firefox.exe) on port 7055; process output follows: 
m C:\Program Files (x86)\Mozilla Firefox\browser\features\screenshots@mozilla.org.xpi
1504714409250	addons.xpi	DEBUG	Calling bootstrap method startup on screenshots@mozilla.org version 6.6.0
1504714409250	addons.xpi	DEBUG	Registering manifest for C:\Program Files (x86)\Mozilla Firefox\browser\features\webcompat@mozilla.org.xpi
1504714409250	addons.xpi	DEBUG	Loading bootstrap scope from C:\Program Files (x86)\Mozilla Firefox\browser\features\webcompat@mozilla.org.xpi
1504714409252	addons.xpi	DEBUG	Calling bootstrap method startup on webcompat@mozilla.org version 1.1
1504714409260	addons.manager	DEBUG	Registering shutdown blocker for XPIProvider
1504714409260	addons.manager	DEBUG	Provider finished startup: XPIProvider
1504714409260	addons.manager	DEBUG	Starting provider: LightweightThemeManager
1504714409260	addons.manager	DEBUG	Registering shutdown blocker for LightweightThemeManager
1504714409260	addons.manager	DEBUG	Provider finished startup: LightweightThemeManager
1504714409260	addons.manager	DEBUG	Starting provider: GMPProvider
1504714409271	addons.manager	DEBUG	Registering shutdown blocker for GMPProvider
1504714409271	addons.manager	DEBUG	Provider finished startup: GMPProvider
1504714409271	addons.manager	DEBUG	Starting provider: PluginProvider
1504714409271	addons.manager	DEBUG	Registering shutdown blocker for PluginProvider
1504714409271	addons.manager	DEBUG	Provider finished startup: PluginProvider
1504714409272	addons.manager	DEBUG	Completed startup sequence
1504714409606	addons.xpi-utils	DEBUG	Async JSON file read took 0 MS
1504714409606	addons.xpi-utils	DEBUG	Finished async read of XPI database, parsing...
1504714409608	addons.xpi-utils	DEBUG	Successfully read XPI database
1504714409619	addons.manager	DEBUG	Starting provider: <unnamed-provider>
1504714409619	addons.manager	DEBUG	Registering shutdown blocker for <unnamed-provider>
1504714409619	addons.manager	DEBUG	Provider finished startup: <unnamed-provider>
*** Blocklist::_loadBlocklistFromFile: blocklist is disabled
1504714409746	addons.manager	DEBUG	Starting provider: PreviousExperimentProvider
1504714409746	addons.manager	DEBUG	Registering shutdown blocker for PreviousExperimentProvider
1504714409746	addons.manager	DEBUG	Provider finished startup: PreviousExperimentProvider
1504714412747	addons.xpi	DEBUG	Calling bootstrap method shutdown on webcompat@mozilla.org version 1.1
1504714412747	addons.xpi	DEBUG	Calling bootstrap method shutdown on screenshots@mozilla.org version 6.6.0
1504714412748	addons.xpi	DEBUG	Calling bootstrap method shutdown on firefox@getpocket.com version 1.0.5
1504714412748	addons.xpi	DEBUG	Calling bootstrap method shutdown on e10srollout@mozilla.org version 1.50
1504714412748	addons.xpi	DEBUG	Calling bootstrap method shutdown on aushelper@mozilla.org version 2.0
[GPU 12608] WARNING: pipe error: 109: file c:/builds/moz2_slave/m-rel-w32-00000000000000000000/build/src/ipc/chromium/src/chrome/common/ipc_channel_win.cc, line 346
[Child 10720] WARNING: pipe error: 109: file c:/builds/moz2_slave/m-rel-w32-00000000000000000000/build/src/ipc/chromium/src/chrome/common/ipc_channel_win.cc, line 346
[Child 10720] WARNING: pipe error: 109: file c:/builds/moz2_slave/m-rel-w32-00000000000000000000/build/src/ipc/chromium/src/chrome/common/ipc_channel_win.cc, line 346
1504714412875	addons.manager	DEBUG	shutdown
1504714412876	addons.manager	DEBUG	Calling shutdown blocker for XPIProvider
1504714412876	addons.xpi	DEBUG	shutdown
1504714412876	addons.xpi-utils	DEBUG	shutdown
1504714412876	addons.manager	DEBUG	Calling shutdown blocker for LightweightThemeManager
1504714412877	addons.manager	DEBUG	Calling shutdown blocker for GMPProvider
1504714412878	addons.manager	DEBUG	Calling shutdown blocker for PluginProvider
1504714412879	addons.manager	DEBUG	Calling shutdown blocker for <unnamed-provider>
1504714412880	addons.manager	DEBUG	Calling shutdown blocker for PreviousExperimentProvider
1504714412881	addons.xpi	DEBUG	Notifying XPI shutdown observers
1504714412884	addons.manager	DEBUG	Async provider shutdown done

Build info: version: '2.45.0', revision: '5017cb8e7ca8e37638dc3091b2440b90a1d8686f', time: '2015-02-27 09:10:26'
System info: host: 'cwksak01', ip: '10.185.4.150', os.name: 'Windows 7', os.arch: 'x86', os.version: '6.1', java.version: '1.8.0_101'
Driver info: driver.version: FirefoxDriver
	at org.openqa.selenium.firefox.internal.NewProfileExtensionConnection.start(NewProfileExtensionConnection.java:130)
	at org.openqa.selenium.firefox.FirefoxDriver.startClient(FirefoxDriver.java:246)
	at org.openqa.selenium.remote.RemoteWebDriver.<init>(RemoteWebDriver.java:114)
	at org.openqa.selenium.firefox.FirefoxDriver.<init>(FirefoxDriver.java:191)
	at org.openqa.selenium.firefox.FirefoxDriver.<init>(FirefoxDriver.java:186)
	at org.openqa.selenium.firefox.FirefoxDriver.<init>(FirefoxDriver.java:182)
	at org.openqa.selenium.firefox.FirefoxDriver.<init>(FirefoxDriver.java:95)
	at runTestCases.TestDragAndDrop.setUp(TestDragAndDrop.java:27)
Caused by: org.openqa.selenium.firefox.NotConnectedException: Unable to connect to host 127.0.0.1 on port 7055 after 45000 ms. Firefox console output:
m C:\Program Files (x86)\Mozilla Firefox\browser\features\screenshots@mozilla.org.xpi
1504714409250	addons.xpi	DEBUG	Calling bootstrap method startup on screenshots@mozilla.org version 6.6.0
1504714409250	addons.xpi	DEBUG	Registering manifest for C:\Program Files (x86)\Mozilla Firefox\browser\features\webcompat@mozilla.org.xpi
1504714409250	addons.xpi	DEBUG	Loading bootstrap scope from C:\Program Files (x86)\Mozilla Firefox\browser\features\webcompat@mozilla.org.xpi
1504714409252	addons.xpi	DEBUG	Calling bootstrap method startup on webcompat@mozilla.org version 1.1
1504714409260	addons.manager	DEBUG	Registering shutdown blocker for XPIProvider
1504714409260	addons.manager	DEBUG	Provider finished startup: XPIProvider
1504714409260	addons.manager	DEBUG	Starting provider: LightweightThemeManager
1504714409260	addons.manager	DEBUG	Registering shutdown blocker for LightweightThemeManager
1504714409260	addons.manager	DEBUG	Provider finished startup: LightweightThemeManager
1504714409260	addons.manager	DEBUG	Starting provider: GMPProvider
1504714409271	addons.manager	DEBUG	Registering shutdown blocker for GMPProvider
1504714409271	addons.manager	DEBUG	Provider finished startup: GMPProvider
1504714409271	addons.manager	DEBUG	Starting provider: PluginProvider
1504714409271	addons.manager	DEBUG	Registering shutdown blocker for PluginProvider
1504714409271	addons.manager	DEBUG	Provider finished startup: PluginProvider
1504714409272	addons.manager	DEBUG	Completed startup sequence
1504714409606	addons.xpi-utils	DEBUG	Async JSON file read took 0 MS
1504714409606	addons.xpi-utils	DEBUG	Finished async read of XPI database, parsing...
1504714409608	addons.xpi-utils	DEBUG	Successfully read XPI database
1504714409619	addons.manager	DEBUG	Starting provider: <unnamed-provider>
1504714409619	addons.manager	DEBUG	Registering shutdown blocker for <unnamed-provider>
1504714409619	addons.manager	DEBUG	Provider finished startup: <unnamed-provider>
*** Blocklist::_loadBlocklistFromFile: blocklist is disabled
1504714409746	addons.manager	DEBUG	Starting provider: PreviousExperimentProvider
1504714409746	addons.manager	DEBUG	Registering shutdown blocker for PreviousExperimentProvider
1504714409746	addons.manager	DEBUG	Provider finished startup: PreviousExperimentProvider
1504714412747	addons.xpi	DEBUG	Calling bootstrap method shutdown on webcompat@mozilla.org version 1.1
1504714412747	addons.xpi	DEBUG	Calling bootstrap method shutdown on screenshots@mozilla.org version 6.6.0
1504714412748	addons.xpi	DEBUG	Calling bootstrap method shutdown on firefox@getpocket.com version 1.0.5
1504714412748	addons.xpi	DEBUG	Calling bootstrap method shutdown on e10srollout@mozilla.org version 1.50
1504714412748	addons.xpi	DEBUG	Calling bootstrap method shutdown on aushelper@mozilla.org version 2.0
[GPU 12608] WARNING: pipe error: 109: file c:/builds/moz2_slave/m-rel-w32-00000000000000000000/build/src/ipc/chromium/src/chrome/common/ipc_channel_win.cc, line 346
[Child 10720] WARNING: pipe error: 109: file c:/builds/moz2_slave/m-rel-w32-00000000000000000000/build/src/ipc/chromium/src/chrome/common/ipc_channel_win.cc, line 346
[Child 10720] WARNING: pipe error: 109: file c:/builds/moz2_slave/m-rel-w32-00000000000000000000/build/src/ipc/chromium/src/chrome/common/ipc_channel_win.cc, line 346
1504714412875	addons.manager	DEBUG	shutdown
1504714412876	addons.manager	DEBUG	Calling shutdown blocker for XPIProvider
1504714412876	addons.xpi	DEBUG	shutdown
1504714412876	addons.xpi-utils	DEBUG	shutdown
1504714412876	addons.manager	DEBUG	Calling shutdown blocker for LightweightThemeManager
1504714412877	addons.manager	DEBUG	Calling shutdown blocker for GMPProvider
1504714412878	addons.manager	DEBUG	Calling shutdown blocker for PluginProvider
1504714412879	addons.manager	DEBUG	Calling shutdown blocker for <unnamed-provider>
1504714412880	addons.manager	DEBUG	Calling shutdown blocker for PreviousExperimentProvider
1504714412881	addons.xpi	DEBUG	Notifying XPI shutdown observers
1504714412884	addons.manager	DEBUG	Async provider shutdown done

	at org.openqa.selenium.firefox.internal.NewProfileExtensionConnection.start(NewProfileExtensionConnection.java:118)
	... 39 more
... Removed 32 stack frames]]>
    </failure>
  </testcase> <!-- @BeforeTest setUp -->
  <testcase name="@AfterTest tearDown" time="0.0" classname="runTestCases.TestDragAndDrop">
    <skipped/>
  </testcase> <!-- @AfterTest tearDown -->
  <testcase name="dragAndDrop" time="0.0" classname="runTestCases.TestDragAndDrop">
    <skipped/>
  </testcase> <!-- dragAndDrop -->
  <testcase name="dragAndDrop2" time="0.0" classname="runTestCases.TestDragAndDrop">
    <skipped/>
  </testcase> <!-- dragAndDrop2 -->
  <testcase name="dragAndDrop3" time="0.0" classname="runTestCases.TestDragAndDrop">
    <skipped/>
  </testcase> <!-- dragAndDrop3 -->
  <testcase name="dragAndDrop4" time="0.0" classname="runTestCases.TestDragAndDrop">
    <skipped/>
  </testcase> <!-- dragAndDrop4 -->
  <testcase name="dragAndDrop5" time="0.0" classname="runTestCases.TestDragAndDrop">
    <skipped/>
  </testcase> <!-- dragAndDrop5 -->
  <testcase name="testW3SchoolsDragAndDrop" time="0.0" classname="runTestCases.TestDragAndDrop">
    <skipped/>
  </testcase> <!-- testW3SchoolsDragAndDrop -->
</testsuite> <!-- DragAndDropTest -->
