<?xml version="1.0" encoding="UTF-8"?>
<!-- Generated by org.testng.reporters.JUnitXMLReporter -->
<testsuite hostname="cwksak01" ignored="0" name="DragAndDropTest" tests="6" failures="0" timestamp="06 Sep 2017 18:14:56 GMT" time="9.546" errors="0">
  <testcase name="dragAndDrop" time="0.068" classname="runTestCases.TestDragAndDrop"/>
  <testcase name="dragAndDrop2" time="0.039" classname="runTestCases.TestDragAndDrop"/>
  <testcase name="dragAndDrop3" time="0.034" classname="runTestCases.TestDragAndDrop"/>
  <testcase name="dragAndDrop4" time="0.036" classname="runTestCases.TestDragAndDrop"/>
  <testcase name="dragAndDrop5" time="0.036" classname="runTestCases.TestDragAndDrop"/>
  <testcase name="testW3SchoolsDragAndDrop" time="4.312" classname="runTestCases.TestDragAndDrop"/>
</testsuite> <!-- DragAndDropTest -->
