<?xml version="1.0" encoding="UTF-8"?>
<!-- Generated by org.testng.reporters.JUnitXMLReporter -->
<testsuite hostname="cwksak01" ignored="0" name="ExcelSuite" tests="5" failures="0" timestamp="08 Sep 2017 12:01:16 GMT" time="23.519" errors="0">
  <testcase name="runExcelTest" time="1.754" classname="runTestCases.RunExcelTestCase"/>
  <testcase name="runExcelTest" time="3.318" classname="runTestCases.RunExcelTestCase"/>
  <testcase name="runExcelTest" time="3.633" classname="runTestCases.RunExcelTestCase"/>
  <testcase name="leaveAComment" time="4.854" classname="runTestCases.RunExcelTestCase"/>
  <testcase name="leaveAComment" time="3.435" classname="runTestCases.RunExcelTestCase"/>
</testsuite> <!-- ExcelSuite -->
