<?xml version="1.0" encoding="UTF-8"?>
<!-- Generated by org.testng.reporters.JUnitXMLReporter -->
<testsuite hostname="cwksak01" ignored="0" name="ExcelSuite" tests="5" failures="0" timestamp="11 Sep 2017 12:02:21 GMT" time="21.089" errors="0">
  <testcase name="runExcelTest" time="1.837" classname="runTestCases.RunExcelTestCase"/>
  <testcase name="runExcelTest" time="2.646" classname="runTestCases.RunExcelTestCase"/>
  <testcase name="runExcelTest" time="1.832" classname="runTestCases.RunExcelTestCase"/>
  <testcase name="leaveAComment" time="4.359" classname="runTestCases.RunExcelTestCase"/>
  <testcase name="leaveAComment" time="3.529" classname="runTestCases.RunExcelTestCase"/>
</testsuite> <!-- ExcelSuite -->
