<?xml version="1.0" encoding="UTF-8"?>
<!-- Generated by org.testng.reporters.JUnitXMLReporter -->
<testsuite hostname="cwksak01" ignored="0" name="Test" tests="2" failures="0" timestamp="06 Sep 2017 16:13:26 GMT" time="47.962" errors="0">
  <testcase name="@BeforeTest BeforeTest" time="47.943" classname="runTestCases.TestDemoPage">
    <failure type="org.openqa.selenium.WebDriverException" message="Failed to connect to binary FirefoxBinary(C:\Program Files (x86)\Mozilla Firefox\firefox.exe) on port 7055; process output follows: 
G	Registering manifest for C:\Program Files (x86)\Mozilla Firefox\browser\features\screenshots@mozilla.org.xpi
1504714361999	addons.xpi	DEBUG	Loading bootstrap scope from C:\Program Files (x86)\Mozilla Firefox\browser\features\screenshots@mozilla.org.xpi
1504714362002	addons.xpi	DEBUG	Calling bootstrap method startup on screenshots@mozilla.org version 6.6.0
1504714362002	addons.xpi	DEBUG	Registering manifest for C:\Program Files (x86)\Mozilla Firefox\browser\features\webcompat@mozilla.org.xpi
1504714362002	addons.xpi	DEBUG	Loading bootstrap scope from C:\Program Files (x86)\Mozilla Firefox\browser\features\webcompat@mozilla.org.xpi
1504714362004	addons.xpi	DEBUG	Calling bootstrap method startup on webcompat@mozilla.org version 1.1
1504714362011	addons.manager	DEBUG	Registering shutdown blocker for XPIProvider
1504714362012	addons.manager	DEBUG	Provider finished startup: XPIProvider
1504714362012	addons.manager	DEBUG	Starting provider: LightweightThemeManager
1504714362012	addons.manager	DEBUG	Registering shutdown blocker for LightweightThemeManager
1504714362012	addons.manager	DEBUG	Provider finished startup: LightweightThemeManager
1504714362012	addons.manager	DEBUG	Starting provider: GMPProvider
1504714362022	addons.manager	DEBUG	Registering shutdown blocker for GMPProvider
1504714362022	addons.manager	DEBUG	Provider finished startup: GMPProvider
1504714362022	addons.manager	DEBUG	Starting provider: PluginProvider
1504714362022	addons.manager	DEBUG	Registering shutdown blocker for PluginProvider
1504714362023	addons.manager	DEBUG	Provider finished startup: PluginProvider
1504714362023	addons.manager	DEBUG	Completed startup sequence
1504714362354	addons.xpi-utils	DEBUG	Async JSON file read took 0 MS
1504714362355	addons.xpi-utils	DEBUG	Finished async read of XPI database, parsing...
1504714362357	addons.xpi-utils	DEBUG	Successfully read XPI database
1504714362368	addons.manager	DEBUG	Starting provider: &amp;lt;unnamed-provider&amp;gt;
1504714362368	addons.manager	DEBUG	Registering shutdown blocker for &amp;lt;unnamed-provider&amp;gt;
1504714362368	addons.manager	DEBUG	Provider finished startup: &amp;lt;unnamed-provider&amp;gt;
*** Blocklist::_loadBlocklistFromFile: blocklist is disabled
1504714362476	addons.manager	DEBUG	Starting provider: PreviousExperimentProvider
1504714362476	addons.manager	DEBUG	Registering shutdown blocker for PreviousExperimentProvider
1504714362476	addons.manager	DEBUG	Provider finished startup: PreviousExperimentProvider
1504714378379	addons.xpi	DEBUG	Calling bootstrap method shutdown on webcompat@mozilla.org version 1.1
1504714378379	addons.xpi	DEBUG	Calling bootstrap method shutdown on screenshots@mozilla.org version 6.6.0
1504714378380	addons.xpi	DEBUG	Calling bootstrap method shutdown on firefox@getpocket.com version 1.0.5
1504714378380	addons.xpi	DEBUG	Calling bootstrap method shutdown on e10srollout@mozilla.org version 1.50
1504714378381	addons.xpi	DEBUG	Calling bootstrap method shutdown on aushelper@mozilla.org version 2.0
[GPU 9276] WARNING: pipe error: 109: file c:/builds/moz2_slave/m-rel-w32-00000000000000000000/build/src/ipc/chromium/src/chrome/common/ipc_channel_win.cc, line 346
[Child 4060] WARNING: pipe error: 109: file c:/builds/moz2_slave/m-rel-w32-00000000000000000000/build/src/ipc/chromium/src/chrome/common/ipc_channel_win.cc, line 346
1504714378505	addons.manager	DEBUG	shutdown
1504714378505	addons.manager	DEBUG	Calling shutdown blocker for XPIProvider
1504714378505	addons.xpi	DEBUG	shutdown
1504714378505	addons.xpi-utils	DEBUG	shutdown
1504714378506	addons.manager	DEBUG	Calling shutdown blocker for LightweightThemeManager
1504714378506	addons.manager	DEBUG	Calling shutdown blocker for GMPProvider
1504714378508	addons.manager	DEBUG	Calling shutdown blocker for PluginProvider
1504714378508	addons.manager	DEBUG	Calling shutdown blocker for &amp;lt;unnamed-provider&amp;gt;
1504714378509	addons.manager	DEBUG	Calling shutdown blocker for PreviousExperimentProvider
1504714378511	addons.xpi	DEBUG	Notifying XPI shutdown observers
1504714378514	addons.manager	DEBUG	Async provider shutdown done

Build info: version: &amp;apos;2.45.0&amp;apos;, revision: &amp;apos;5017cb8e7ca8e37638dc3091b2440b90a1d8686f&amp;apos;, time: &amp;apos;2015-02-27 09:10:26&amp;apos;
System info: host: &amp;apos;cwksak01&amp;apos;, ip: &amp;apos;10.185.4.150&amp;apos;, os.name: &amp;apos;Windows 7&amp;apos;, os.arch: &amp;apos;x86&amp;apos;, os.version: &amp;apos;6.1&amp;apos;, java.version: &amp;apos;1.8.0_101&amp;apos;
Driver info: driver.version: FirefoxDriver">
      <![CDATA[org.openqa.selenium.WebDriverException: Failed to connect to binary FirefoxBinary(C:\Program Files (x86)\Mozilla Firefox\firefox.exe) on port 7055; process output follows: 
G	Registering manifest for C:\Program Files (x86)\Mozilla Firefox\browser\features\screenshots@mozilla.org.xpi
1504714361999	addons.xpi	DEBUG	Loading bootstrap scope from C:\Program Files (x86)\Mozilla Firefox\browser\features\screenshots@mozilla.org.xpi
1504714362002	addons.xpi	DEBUG	Calling bootstrap method startup on screenshots@mozilla.org version 6.6.0
1504714362002	addons.xpi	DEBUG	Registering manifest for C:\Program Files (x86)\Mozilla Firefox\browser\features\webcompat@mozilla.org.xpi
1504714362002	addons.xpi	DEBUG	Loading bootstrap scope from C:\Program Files (x86)\Mozilla Firefox\browser\features\webcompat@mozilla.org.xpi
1504714362004	addons.xpi	DEBUG	Calling bootstrap method startup on webcompat@mozilla.org version 1.1
1504714362011	addons.manager	DEBUG	Registering shutdown blocker for XPIProvider
1504714362012	addons.manager	DEBUG	Provider finished startup: XPIProvider
1504714362012	addons.manager	DEBUG	Starting provider: LightweightThemeManager
1504714362012	addons.manager	DEBUG	Registering shutdown blocker for LightweightThemeManager
1504714362012	addons.manager	DEBUG	Provider finished startup: LightweightThemeManager
1504714362012	addons.manager	DEBUG	Starting provider: GMPProvider
1504714362022	addons.manager	DEBUG	Registering shutdown blocker for GMPProvider
1504714362022	addons.manager	DEBUG	Provider finished startup: GMPProvider
1504714362022	addons.manager	DEBUG	Starting provider: PluginProvider
1504714362022	addons.manager	DEBUG	Registering shutdown blocker for PluginProvider
1504714362023	addons.manager	DEBUG	Provider finished startup: PluginProvider
1504714362023	addons.manager	DEBUG	Completed startup sequence
1504714362354	addons.xpi-utils	DEBUG	Async JSON file read took 0 MS
1504714362355	addons.xpi-utils	DEBUG	Finished async read of XPI database, parsing...
1504714362357	addons.xpi-utils	DEBUG	Successfully read XPI database
1504714362368	addons.manager	DEBUG	Starting provider: <unnamed-provider>
1504714362368	addons.manager	DEBUG	Registering shutdown blocker for <unnamed-provider>
1504714362368	addons.manager	DEBUG	Provider finished startup: <unnamed-provider>
*** Blocklist::_loadBlocklistFromFile: blocklist is disabled
1504714362476	addons.manager	DEBUG	Starting provider: PreviousExperimentProvider
1504714362476	addons.manager	DEBUG	Registering shutdown blocker for PreviousExperimentProvider
1504714362476	addons.manager	DEBUG	Provider finished startup: PreviousExperimentProvider
1504714378379	addons.xpi	DEBUG	Calling bootstrap method shutdown on webcompat@mozilla.org version 1.1
1504714378379	addons.xpi	DEBUG	Calling bootstrap method shutdown on screenshots@mozilla.org version 6.6.0
1504714378380	addons.xpi	DEBUG	Calling bootstrap method shutdown on firefox@getpocket.com version 1.0.5
1504714378380	addons.xpi	DEBUG	Calling bootstrap method shutdown on e10srollout@mozilla.org version 1.50
1504714378381	addons.xpi	DEBUG	Calling bootstrap method shutdown on aushelper@mozilla.org version 2.0
[GPU 9276] WARNING: pipe error: 109: file c:/builds/moz2_slave/m-rel-w32-00000000000000000000/build/src/ipc/chromium/src/chrome/common/ipc_channel_win.cc, line 346
[Child 4060] WARNING: pipe error: 109: file c:/builds/moz2_slave/m-rel-w32-00000000000000000000/build/src/ipc/chromium/src/chrome/common/ipc_channel_win.cc, line 346
1504714378505	addons.manager	DEBUG	shutdown
1504714378505	addons.manager	DEBUG	Calling shutdown blocker for XPIProvider
1504714378505	addons.xpi	DEBUG	shutdown
1504714378505	addons.xpi-utils	DEBUG	shutdown
1504714378506	addons.manager	DEBUG	Calling shutdown blocker for LightweightThemeManager
1504714378506	addons.manager	DEBUG	Calling shutdown blocker for GMPProvider
1504714378508	addons.manager	DEBUG	Calling shutdown blocker for PluginProvider
1504714378508	addons.manager	DEBUG	Calling shutdown blocker for <unnamed-provider>
1504714378509	addons.manager	DEBUG	Calling shutdown blocker for PreviousExperimentProvider
1504714378511	addons.xpi	DEBUG	Notifying XPI shutdown observers
1504714378514	addons.manager	DEBUG	Async provider shutdown done

Build info: version: '2.45.0', revision: '5017cb8e7ca8e37638dc3091b2440b90a1d8686f', time: '2015-02-27 09:10:26'
System info: host: 'cwksak01', ip: '10.185.4.150', os.name: 'Windows 7', os.arch: 'x86', os.version: '6.1', java.version: '1.8.0_101'
Driver info: driver.version: FirefoxDriver
	at org.openqa.selenium.firefox.internal.NewProfileExtensionConnection.start(NewProfileExtensionConnection.java:130)
	at org.openqa.selenium.firefox.FirefoxDriver.startClient(FirefoxDriver.java:246)
	at org.openqa.selenium.remote.RemoteWebDriver.<init>(RemoteWebDriver.java:114)
	at org.openqa.selenium.firefox.FirefoxDriver.<init>(FirefoxDriver.java:191)
	at org.openqa.selenium.firefox.FirefoxDriver.<init>(FirefoxDriver.java:186)
	at org.openqa.selenium.firefox.FirefoxDriver.<init>(FirefoxDriver.java:182)
	at org.openqa.selenium.firefox.FirefoxDriver.<init>(FirefoxDriver.java:95)
	at runTestCases.TestDemoPage.BeforeTest(TestDemoPage.java:27)
Caused by: org.openqa.selenium.firefox.NotConnectedException: Unable to connect to host 127.0.0.1 on port 7055 after 45000 ms. Firefox console output:
G	Registering manifest for C:\Program Files (x86)\Mozilla Firefox\browser\features\screenshots@mozilla.org.xpi
1504714361999	addons.xpi	DEBUG	Loading bootstrap scope from C:\Program Files (x86)\Mozilla Firefox\browser\features\screenshots@mozilla.org.xpi
1504714362002	addons.xpi	DEBUG	Calling bootstrap method startup on screenshots@mozilla.org version 6.6.0
1504714362002	addons.xpi	DEBUG	Registering manifest for C:\Program Files (x86)\Mozilla Firefox\browser\features\webcompat@mozilla.org.xpi
1504714362002	addons.xpi	DEBUG	Loading bootstrap scope from C:\Program Files (x86)\Mozilla Firefox\browser\features\webcompat@mozilla.org.xpi
1504714362004	addons.xpi	DEBUG	Calling bootstrap method startup on webcompat@mozilla.org version 1.1
1504714362011	addons.manager	DEBUG	Registering shutdown blocker for XPIProvider
1504714362012	addons.manager	DEBUG	Provider finished startup: XPIProvider
1504714362012	addons.manager	DEBUG	Starting provider: LightweightThemeManager
1504714362012	addons.manager	DEBUG	Registering shutdown blocker for LightweightThemeManager
1504714362012	addons.manager	DEBUG	Provider finished startup: LightweightThemeManager
1504714362012	addons.manager	DEBUG	Starting provider: GMPProvider
1504714362022	addons.manager	DEBUG	Registering shutdown blocker for GMPProvider
1504714362022	addons.manager	DEBUG	Provider finished startup: GMPProvider
1504714362022	addons.manager	DEBUG	Starting provider: PluginProvider
1504714362022	addons.manager	DEBUG	Registering shutdown blocker for PluginProvider
1504714362023	addons.manager	DEBUG	Provider finished startup: PluginProvider
1504714362023	addons.manager	DEBUG	Completed startup sequence
1504714362354	addons.xpi-utils	DEBUG	Async JSON file read took 0 MS
1504714362355	addons.xpi-utils	DEBUG	Finished async read of XPI database, parsing...
1504714362357	addons.xpi-utils	DEBUG	Successfully read XPI database
1504714362368	addons.manager	DEBUG	Starting provider: <unnamed-provider>
1504714362368	addons.manager	DEBUG	Registering shutdown blocker for <unnamed-provider>
1504714362368	addons.manager	DEBUG	Provider finished startup: <unnamed-provider>
*** Blocklist::_loadBlocklistFromFile: blocklist is disabled
1504714362476	addons.manager	DEBUG	Starting provider: PreviousExperimentProvider
1504714362476	addons.manager	DEBUG	Registering shutdown blocker for PreviousExperimentProvider
1504714362476	addons.manager	DEBUG	Provider finished startup: PreviousExperimentProvider
1504714378379	addons.xpi	DEBUG	Calling bootstrap method shutdown on webcompat@mozilla.org version 1.1
1504714378379	addons.xpi	DEBUG	Calling bootstrap method shutdown on screenshots@mozilla.org version 6.6.0
1504714378380	addons.xpi	DEBUG	Calling bootstrap method shutdown on firefox@getpocket.com version 1.0.5
1504714378380	addons.xpi	DEBUG	Calling bootstrap method shutdown on e10srollout@mozilla.org version 1.50
1504714378381	addons.xpi	DEBUG	Calling bootstrap method shutdown on aushelper@mozilla.org version 2.0
[GPU 9276] WARNING: pipe error: 109: file c:/builds/moz2_slave/m-rel-w32-00000000000000000000/build/src/ipc/chromium/src/chrome/common/ipc_channel_win.cc, line 346
[Child 4060] WARNING: pipe error: 109: file c:/builds/moz2_slave/m-rel-w32-00000000000000000000/build/src/ipc/chromium/src/chrome/common/ipc_channel_win.cc, line 346
1504714378505	addons.manager	DEBUG	shutdown
1504714378505	addons.manager	DEBUG	Calling shutdown blocker for XPIProvider
1504714378505	addons.xpi	DEBUG	shutdown
1504714378505	addons.xpi-utils	DEBUG	shutdown
1504714378506	addons.manager	DEBUG	Calling shutdown blocker for LightweightThemeManager
1504714378506	addons.manager	DEBUG	Calling shutdown blocker for GMPProvider
1504714378508	addons.manager	DEBUG	Calling shutdown blocker for PluginProvider
1504714378508	addons.manager	DEBUG	Calling shutdown blocker for <unnamed-provider>
1504714378509	addons.manager	DEBUG	Calling shutdown blocker for PreviousExperimentProvider
1504714378511	addons.xpi	DEBUG	Notifying XPI shutdown observers
1504714378514	addons.manager	DEBUG	Async provider shutdown done

	at org.openqa.selenium.firefox.internal.NewProfileExtensionConnection.start(NewProfileExtensionConnection.java:118)
	... 39 more
... Removed 32 stack frames]]>
    </failure>
  </testcase> <!-- @BeforeTest BeforeTest -->
  <testcase name="@AfterTest AfterTest" time="0.0" classname="runTestCases.TestDemoPage">
    <skipped/>
  </testcase> <!-- @AfterTest AfterTest -->
  <testcase name="testDemoPage" time="0.0" classname="runTestCases.TestDemoPage">
    <skipped/>
  </testcase> <!-- testDemoPage -->
  <testcase name="testAppLink" time="0.0" classname="runTestCases.TestDemoPage">
    <skipped/>
  </testcase> <!-- testAppLink -->
</testsuite> <!-- Test -->
