<?xml version="1.0" encoding="UTF-8"?>
<!-- Generated by org.testng.reporters.JUnitXMLReporter -->
<testsuite hostname="cwksak01" ignored="0" name="Test" tests="2" failures="0" timestamp="06 Sep 2017 14:53:45 GMT" time="54.016" errors="0">
  <testcase name="@BeforeTest BeforeTest" time="53.996" classname="runTestCases.TestDemoPage">
    <failure type="org.openqa.selenium.WebDriverException" message="Failed to connect to binary FirefoxBinary(C:\Program Files (x86)\Mozilla Firefox\firefox.exe) on port 7055; process output follows: 
bal&amp;quot;:{&amp;quot;{972ce4c6-7e08-4474-a285-3208198ce6fd}&amp;quot;:{&amp;quot;d&amp;quot;:&amp;quot;C:\\Program Files (x86)\\Mozilla Firefox\\browser\\extensions\\{972ce4c6-7e08-4474-a285-3208198ce6fd}.xpi&amp;quot;,&amp;quot;e&amp;quot;:true,&amp;quot;v&amp;quot;:&amp;quot;54.0&amp;quot;,&amp;quot;st&amp;quot;:1496949712000}}}
1504709574570	addons.xpi	DEBUG	No changes found
1504709574578	addons.xpi	DEBUG	Registering manifest for C:\Program Files (x86)\Mozilla Firefox\browser\features\aushelper@mozilla.org.xpi
1504709574578	addons.xpi	DEBUG	Loading bootstrap scope from C:\Program Files (x86)\Mozilla Firefox\browser\features\aushelper@mozilla.org.xpi
1504709574582	addons.xpi	DEBUG	Calling bootstrap method startup on aushelper@mozilla.org version 2.0
1504709574583	addons.xpi	DEBUG	Registering manifest for C:\Program Files (x86)\Mozilla Firefox\browser\features\e10srollout@mozilla.org.xpi
1504709574584	addons.xpi	DEBUG	Loading bootstrap scope from C:\Program Files (x86)\Mozilla Firefox\browser\features\e10srollout@mozilla.org.xpi
1504709574586	addons.xpi	DEBUG	Calling bootstrap method startup on e10srollout@mozilla.org version 1.50
1504709574587	addons.xpi	DEBUG	Registering manifest for C:\Program Files (x86)\Mozilla Firefox\browser\features\firefox@getpocket.com.xpi
1504709574587	addons.xpi	DEBUG	Loading bootstrap scope from C:\Program Files (x86)\Mozilla Firefox\browser\features\firefox@getpocket.com.xpi
1504709574590	addons.xpi	DEBUG	Calling bootstrap method startup on firefox@getpocket.com version 1.0.5
1504709574596	addons.xpi-utils	DEBUG	Starting async load of XPI database C:\Users\AARON~1.KLA\AppData\Local\Temp\anonymous7358676422840350514webdriver-profile\extensions.json
1504709574597	addons.xpi	DEBUG	Registering manifest for C:\Program Files (x86)\Mozilla Firefox\browser\features\screenshots@mozilla.org.xpi
1504709574598	addons.xpi	DEBUG	Loading bootstrap scope from C:\Program Files (x86)\Mozilla Firefox\browser\features\screenshots@mozilla.org.xpi
1504709574600	addons.xpi	DEBUG	Calling bootstrap method startup on screenshots@mozilla.org version 6.6.0
1504709574600	addons.xpi	DEBUG	Registering manifest for C:\Program Files (x86)\Mozilla Firefox\browser\features\webcompat@mozilla.org.xpi
1504709574600	addons.xpi	DEBUG	Loading bootstrap scope from C:\Program Files (x86)\Mozilla Firefox\browser\features\webcompat@mozilla.org.xpi
1504709574602	addons.xpi	DEBUG	Calling bootstrap method startup on webcompat@mozilla.org version 1.1
1504709574610	addons.manager	DEBUG	Registering shutdown blocker for XPIProvider
1504709574610	addons.manager	DEBUG	Provider finished startup: XPIProvider
1504709574610	addons.manager	DEBUG	Starting provider: LightweightThemeManager
1504709574610	addons.manager	DEBUG	Registering shutdown blocker for LightweightThemeManager
1504709574611	addons.manager	DEBUG	Provider finished startup: LightweightThemeManager
1504709574611	addons.manager	DEBUG	Starting provider: GMPProvider
1504709574620	addons.manager	DEBUG	Registering shutdown blocker for GMPProvider
1504709574620	addons.manager	DEBUG	Provider finished startup: GMPProvider
1504709574620	addons.manager	DEBUG	Starting provider: PluginProvider
1504709574621	addons.manager	DEBUG	Registering shutdown blocker for PluginProvider
1504709574621	addons.manager	DEBUG	Provider finished startup: PluginProvider
1504709574621	addons.manager	DEBUG	Completed startup sequence
1504709574947	addons.xpi-utils	DEBUG	Async JSON file read took 0 MS
1504709574947	addons.xpi-utils	DEBUG	Finished async read of XPI database, parsing...
1504709574949	addons.xpi-utils	DEBUG	Successfully read XPI database
1504709574961	addons.manager	DEBUG	Starting provider: &amp;lt;unnamed-provider&amp;gt;
1504709574961	addons.manager	DEBUG	Registering shutdown blocker for &amp;lt;unnamed-provider&amp;gt;
1504709574961	addons.manager	DEBUG	Provider finished startup: &amp;lt;unnamed-provider&amp;gt;
*** Blocklist::_loadBlocklistFromFile: blocklist is disabled
1504709575083	addons.manager	DEBUG	Starting provider: PreviousExperimentProvider
1504709575083	addons.manager	DEBUG	Registering shutdown blocker for PreviousExperimentProvider
1504709575083	addons.manager	DEBUG	Provider finished startup: PreviousExperimentProvider

Build info: version: &amp;apos;2.45.0&amp;apos;, revision: &amp;apos;5017cb8e7ca8e37638dc3091b2440b90a1d8686f&amp;apos;, time: &amp;apos;2015-02-27 09:10:26&amp;apos;
System info: host: &amp;apos;cwksak01&amp;apos;, ip: &amp;apos;10.185.4.150&amp;apos;, os.name: &amp;apos;Windows 7&amp;apos;, os.arch: &amp;apos;x86&amp;apos;, os.version: &amp;apos;6.1&amp;apos;, java.version: &amp;apos;1.8.0_101&amp;apos;
Driver info: driver.version: FirefoxDriver">
      <![CDATA[org.openqa.selenium.WebDriverException: Failed to connect to binary FirefoxBinary(C:\Program Files (x86)\Mozilla Firefox\firefox.exe) on port 7055; process output follows: 
bal":{"{972ce4c6-7e08-4474-a285-3208198ce6fd}":{"d":"C:\\Program Files (x86)\\Mozilla Firefox\\browser\\extensions\\{972ce4c6-7e08-4474-a285-3208198ce6fd}.xpi","e":true,"v":"54.0","st":1496949712000}}}
1504709574570	addons.xpi	DEBUG	No changes found
1504709574578	addons.xpi	DEBUG	Registering manifest for C:\Program Files (x86)\Mozilla Firefox\browser\features\aushelper@mozilla.org.xpi
1504709574578	addons.xpi	DEBUG	Loading bootstrap scope from C:\Program Files (x86)\Mozilla Firefox\browser\features\aushelper@mozilla.org.xpi
1504709574582	addons.xpi	DEBUG	Calling bootstrap method startup on aushelper@mozilla.org version 2.0
1504709574583	addons.xpi	DEBUG	Registering manifest for C:\Program Files (x86)\Mozilla Firefox\browser\features\e10srollout@mozilla.org.xpi
1504709574584	addons.xpi	DEBUG	Loading bootstrap scope from C:\Program Files (x86)\Mozilla Firefox\browser\features\e10srollout@mozilla.org.xpi
1504709574586	addons.xpi	DEBUG	Calling bootstrap method startup on e10srollout@mozilla.org version 1.50
1504709574587	addons.xpi	DEBUG	Registering manifest for C:\Program Files (x86)\Mozilla Firefox\browser\features\firefox@getpocket.com.xpi
1504709574587	addons.xpi	DEBUG	Loading bootstrap scope from C:\Program Files (x86)\Mozilla Firefox\browser\features\firefox@getpocket.com.xpi
1504709574590	addons.xpi	DEBUG	Calling bootstrap method startup on firefox@getpocket.com version 1.0.5
1504709574596	addons.xpi-utils	DEBUG	Starting async load of XPI database C:\Users\AARON~1.KLA\AppData\Local\Temp\anonymous7358676422840350514webdriver-profile\extensions.json
1504709574597	addons.xpi	DEBUG	Registering manifest for C:\Program Files (x86)\Mozilla Firefox\browser\features\screenshots@mozilla.org.xpi
1504709574598	addons.xpi	DEBUG	Loading bootstrap scope from C:\Program Files (x86)\Mozilla Firefox\browser\features\screenshots@mozilla.org.xpi
1504709574600	addons.xpi	DEBUG	Calling bootstrap method startup on screenshots@mozilla.org version 6.6.0
1504709574600	addons.xpi	DEBUG	Registering manifest for C:\Program Files (x86)\Mozilla Firefox\browser\features\webcompat@mozilla.org.xpi
1504709574600	addons.xpi	DEBUG	Loading bootstrap scope from C:\Program Files (x86)\Mozilla Firefox\browser\features\webcompat@mozilla.org.xpi
1504709574602	addons.xpi	DEBUG	Calling bootstrap method startup on webcompat@mozilla.org version 1.1
1504709574610	addons.manager	DEBUG	Registering shutdown blocker for XPIProvider
1504709574610	addons.manager	DEBUG	Provider finished startup: XPIProvider
1504709574610	addons.manager	DEBUG	Starting provider: LightweightThemeManager
1504709574610	addons.manager	DEBUG	Registering shutdown blocker for LightweightThemeManager
1504709574611	addons.manager	DEBUG	Provider finished startup: LightweightThemeManager
1504709574611	addons.manager	DEBUG	Starting provider: GMPProvider
1504709574620	addons.manager	DEBUG	Registering shutdown blocker for GMPProvider
1504709574620	addons.manager	DEBUG	Provider finished startup: GMPProvider
1504709574620	addons.manager	DEBUG	Starting provider: PluginProvider
1504709574621	addons.manager	DEBUG	Registering shutdown blocker for PluginProvider
1504709574621	addons.manager	DEBUG	Provider finished startup: PluginProvider
1504709574621	addons.manager	DEBUG	Completed startup sequence
1504709574947	addons.xpi-utils	DEBUG	Async JSON file read took 0 MS
1504709574947	addons.xpi-utils	DEBUG	Finished async read of XPI database, parsing...
1504709574949	addons.xpi-utils	DEBUG	Successfully read XPI database
1504709574961	addons.manager	DEBUG	Starting provider: <unnamed-provider>
1504709574961	addons.manager	DEBUG	Registering shutdown blocker for <unnamed-provider>
1504709574961	addons.manager	DEBUG	Provider finished startup: <unnamed-provider>
*** Blocklist::_loadBlocklistFromFile: blocklist is disabled
1504709575083	addons.manager	DEBUG	Starting provider: PreviousExperimentProvider
1504709575083	addons.manager	DEBUG	Registering shutdown blocker for PreviousExperimentProvider
1504709575083	addons.manager	DEBUG	Provider finished startup: PreviousExperimentProvider

Build info: version: '2.45.0', revision: '5017cb8e7ca8e37638dc3091b2440b90a1d8686f', time: '2015-02-27 09:10:26'
System info: host: 'cwksak01', ip: '10.185.4.150', os.name: 'Windows 7', os.arch: 'x86', os.version: '6.1', java.version: '1.8.0_101'
Driver info: driver.version: FirefoxDriver
	at org.openqa.selenium.firefox.internal.NewProfileExtensionConnection.start(NewProfileExtensionConnection.java:130)
	at org.openqa.selenium.firefox.FirefoxDriver.startClient(FirefoxDriver.java:246)
	at org.openqa.selenium.remote.RemoteWebDriver.<init>(RemoteWebDriver.java:114)
	at org.openqa.selenium.firefox.FirefoxDriver.<init>(FirefoxDriver.java:191)
	at org.openqa.selenium.firefox.FirefoxDriver.<init>(FirefoxDriver.java:186)
	at org.openqa.selenium.firefox.FirefoxDriver.<init>(FirefoxDriver.java:182)
	at org.openqa.selenium.firefox.FirefoxDriver.<init>(FirefoxDriver.java:95)
	at runTestCases.TestDemoPage.BeforeTest(TestDemoPage.java:27)
Caused by: org.openqa.selenium.firefox.NotConnectedException: Unable to connect to host 127.0.0.1 on port 7055 after 45000 ms. Firefox console output:
bal":{"{972ce4c6-7e08-4474-a285-3208198ce6fd}":{"d":"C:\\Program Files (x86)\\Mozilla Firefox\\browser\\extensions\\{972ce4c6-7e08-4474-a285-3208198ce6fd}.xpi","e":true,"v":"54.0","st":1496949712000}}}
1504709574570	addons.xpi	DEBUG	No changes found
1504709574578	addons.xpi	DEBUG	Registering manifest for C:\Program Files (x86)\Mozilla Firefox\browser\features\aushelper@mozilla.org.xpi
1504709574578	addons.xpi	DEBUG	Loading bootstrap scope from C:\Program Files (x86)\Mozilla Firefox\browser\features\aushelper@mozilla.org.xpi
1504709574582	addons.xpi	DEBUG	Calling bootstrap method startup on aushelper@mozilla.org version 2.0
1504709574583	addons.xpi	DEBUG	Registering manifest for C:\Program Files (x86)\Mozilla Firefox\browser\features\e10srollout@mozilla.org.xpi
1504709574584	addons.xpi	DEBUG	Loading bootstrap scope from C:\Program Files (x86)\Mozilla Firefox\browser\features\e10srollout@mozilla.org.xpi
1504709574586	addons.xpi	DEBUG	Calling bootstrap method startup on e10srollout@mozilla.org version 1.50
1504709574587	addons.xpi	DEBUG	Registering manifest for C:\Program Files (x86)\Mozilla Firefox\browser\features\firefox@getpocket.com.xpi
1504709574587	addons.xpi	DEBUG	Loading bootstrap scope from C:\Program Files (x86)\Mozilla Firefox\browser\features\firefox@getpocket.com.xpi
1504709574590	addons.xpi	DEBUG	Calling bootstrap method startup on firefox@getpocket.com version 1.0.5
1504709574596	addons.xpi-utils	DEBUG	Starting async load of XPI database C:\Users\AARON~1.KLA\AppData\Local\Temp\anonymous7358676422840350514webdriver-profile\extensions.json
1504709574597	addons.xpi	DEBUG	Registering manifest for C:\Program Files (x86)\Mozilla Firefox\browser\features\screenshots@mozilla.org.xpi
1504709574598	addons.xpi	DEBUG	Loading bootstrap scope from C:\Program Files (x86)\Mozilla Firefox\browser\features\screenshots@mozilla.org.xpi
1504709574600	addons.xpi	DEBUG	Calling bootstrap method startup on screenshots@mozilla.org version 6.6.0
1504709574600	addons.xpi	DEBUG	Registering manifest for C:\Program Files (x86)\Mozilla Firefox\browser\features\webcompat@mozilla.org.xpi
1504709574600	addons.xpi	DEBUG	Loading bootstrap scope from C:\Program Files (x86)\Mozilla Firefox\browser\features\webcompat@mozilla.org.xpi
1504709574602	addons.xpi	DEBUG	Calling bootstrap method startup on webcompat@mozilla.org version 1.1
1504709574610	addons.manager	DEBUG	Registering shutdown blocker for XPIProvider
1504709574610	addons.manager	DEBUG	Provider finished startup: XPIProvider
1504709574610	addons.manager	DEBUG	Starting provider: LightweightThemeManager
1504709574610	addons.manager	DEBUG	Registering shutdown blocker for LightweightThemeManager
1504709574611	addons.manager	DEBUG	Provider finished startup: LightweightThemeManager
1504709574611	addons.manager	DEBUG	Starting provider: GMPProvider
1504709574620	addons.manager	DEBUG	Registering shutdown blocker for GMPProvider
1504709574620	addons.manager	DEBUG	Provider finished startup: GMPProvider
1504709574620	addons.manager	DEBUG	Starting provider: PluginProvider
1504709574621	addons.manager	DEBUG	Registering shutdown blocker for PluginProvider
1504709574621	addons.manager	DEBUG	Provider finished startup: PluginProvider
1504709574621	addons.manager	DEBUG	Completed startup sequence
1504709574947	addons.xpi-utils	DEBUG	Async JSON file read took 0 MS
1504709574947	addons.xpi-utils	DEBUG	Finished async read of XPI database, parsing...
1504709574949	addons.xpi-utils	DEBUG	Successfully read XPI database
1504709574961	addons.manager	DEBUG	Starting provider: <unnamed-provider>
1504709574961	addons.manager	DEBUG	Registering shutdown blocker for <unnamed-provider>
1504709574961	addons.manager	DEBUG	Provider finished startup: <unnamed-provider>
*** Blocklist::_loadBlocklistFromFile: blocklist is disabled
1504709575083	addons.manager	DEBUG	Starting provider: PreviousExperimentProvider
1504709575083	addons.manager	DEBUG	Registering shutdown blocker for PreviousExperimentProvider
1504709575083	addons.manager	DEBUG	Provider finished startup: PreviousExperimentProvider

	at org.openqa.selenium.firefox.internal.NewProfileExtensionConnection.start(NewProfileExtensionConnection.java:118)
	... 39 more
... Removed 32 stack frames]]>
    </failure>
  </testcase> <!-- @BeforeTest BeforeTest -->
  <testcase name="@AfterTest AfterTest" time="0.0" classname="runTestCases.TestDemoPage">
    <skipped/>
  </testcase> <!-- @AfterTest AfterTest -->
  <testcase name="testDemoPage" time="0.0" classname="runTestCases.TestDemoPage">
    <skipped/>
  </testcase> <!-- testDemoPage -->
  <testcase name="testAppLink" time="0.0" classname="runTestCases.TestDemoPage">
    <skipped/>
  </testcase> <!-- testAppLink -->
</testsuite> <!-- Test -->
