<?xml version="1.0" encoding="UTF-8"?>
<!-- Generated by org.testng.reporters.JUnitXMLReporter -->
<testsuite hostname="cwksak01" ignored="0" name="TestThirdSuite" tests="2" failures="1" timestamp="30 Aug 2017 11:14:11 GMT" time="13.247" errors="0">
  <testcase name="verifyTitleText" time="0.005" classname="runTestCases.RunThirdSuite"/>
  <testcase name="checkTopLinks" time="2.051" classname="runTestCases.RunThirdSuite">
    <failure type="java.lang.AssertionError" message="expected [true] but found [false]">
      <![CDATA[java.lang.AssertionError: expected [true] but found [false]
	at testCases.Outrun.viewTopLinks(Outrun.java:25)
	at runTestCases.RunThirdSuite.checkTopLinks(RunThirdSuite.java:34)
... Removed 38 stack frames]]>
    </failure>
  </testcase> <!-- checkTopLinks -->
</testsuite> <!-- TestThirdSuite -->
