<?xml version="1.0" encoding="UTF-8"?>
<!-- Generated by org.testng.reporters.JUnitXMLReporter -->
<testsuite hostname="cwksak01" ignored="0" name="TestThirdSuite" tests="4" failures="0" timestamp="31 Aug 2017 19:07:06 GMT" time="4.59" errors="0">
  <testcase name="fillOutFirstSection" time="0.567" classname="runTestCases.RunThirdSuite"/>
  <testcase name="fillOutSecondSection" time="0.312" classname="runTestCases.RunThirdSuite"/>
  <testcase name="fillOutThirdSection" time="0.322" classname="runTestCases.RunThirdSuite"/>
  <testcase name="submitForm" time="0.129" classname="runTestCases.RunThirdSuite"/>
</testsuite> <!-- TestThirdSuite -->
